 
 
        Input node list
   n        x           y
 
   1     0.01000     0.02000
   2     0.01000     0.00000
   3     0.03000     0.00000
   4     0.00000     0.03000
   5     0.00000     0.00000
 
 
      Input element list
   i     j     k      Source
 
   1     4     5  .00000E+00
   1     5     2  .00000E+00
   1     2     3  10000.    
 
 
     Input fixed potentials
      node            value
 
        4            0.00000
        5            0.00000
 
 
            Final solution
   i        x         y       potential
 
   1     0.01000   0.02000      0.64198
   2     0.01000   0.00000      1.03704
   3     0.03000   0.00000      2.37037
   4     0.00000   0.03000      0.00000
   5     0.00000   0.00000      0.00000
